  Camera.cpp
  Input.cpp
C:\Users\Keiran C\Documents\Uni\CMP203\Keiran Cark Assessment\GraphicsProgramming\GraphicsProgramming\Camera.cpp(25,27): warning C4244: 'argument': conversion from 'double' to 'float', possible loss of data
C:\Users\Keiran C\Documents\Uni\CMP203\Keiran Cark Assessment\GraphicsProgramming\GraphicsProgramming\Camera.cpp(26,29): warning C4244: 'argument': conversion from 'double' to 'float', possible loss of data
C:\Users\Keiran C\Documents\Uni\CMP203\Keiran Cark Assessment\GraphicsProgramming\GraphicsProgramming\Camera.cpp(27,28): warning C4244: 'argument': conversion from 'double' to 'float', possible loss of data
C:\Users\Keiran C\Documents\Uni\CMP203\Keiran Cark Assessment\GraphicsProgramming\GraphicsProgramming\Camera.cpp(29,27): warning C4244: 'argument': conversion from 'double' to 'float', possible loss of data
C:\Users\Keiran C\Documents\Uni\CMP203\Keiran Cark Assessment\GraphicsProgramming\GraphicsProgramming\Camera.cpp(30,29): warning C4244: 'argument': conversion from 'double' to 'float', possible loss of data
C:\Users\Keiran C\Documents\Uni\CMP203\Keiran Cark Assessment\GraphicsProgramming\GraphicsProgramming\Camera.cpp(31,28): warning C4244: 'argument': conversion from 'double' to 'float', possible loss of data
C:\Users\Keiran C\Documents\Uni\CMP203\Keiran Cark Assessment\GraphicsProgramming\GraphicsProgramming\Camera.cpp(57,14): warning C4244: '-=': conversion from 'double' to 'float', possible loss of data
C:\Users\Keiran C\Documents\Uni\CMP203\Keiran Cark Assessment\GraphicsProgramming\GraphicsProgramming\Camera.cpp(58,16): warning C4244: '-=': conversion from 'double' to 'float', possible loss of data
  Main.cpp
  Model.cpp
  Scene.cpp
C:\Users\Keiran C\Documents\Uni\CMP203\Keiran Cark Assessment\GraphicsProgramming\GraphicsProgramming\Scene.cpp(435,16): warning C4244: 'initializing': conversion from 'double' to 'float', possible loss of data
C:\Users\Keiran C\Documents\Uni\CMP203\Keiran Cark Assessment\GraphicsProgramming\GraphicsProgramming\Scene.cpp(436,16): warning C4244: 'initializing': conversion from 'double' to 'float', possible loss of data
C:\Users\Keiran C\Documents\Uni\CMP203\Keiran Cark Assessment\GraphicsProgramming\GraphicsProgramming\Scene.cpp(439,15): warning C4244: 'initializing': conversion from 'double' to 'float', possible loss of data
C:\Users\Keiran C\Documents\Uni\CMP203\Keiran Cark Assessment\GraphicsProgramming\GraphicsProgramming\Scene.cpp(440,15): warning C4244: 'initializing': conversion from 'double' to 'float', possible loss of data
  Shadow.cpp
C:\Users\Keiran C\Documents\Uni\CMP203\Keiran Cark Assessment\GraphicsProgramming\GraphicsProgramming\Shadow.cpp(74,20): warning C4018: '<': signed/unsigned mismatch
C:\Users\Keiran C\Documents\Uni\CMP203\Keiran Cark Assessment\GraphicsProgramming\GraphicsProgramming\Shadow.cpp(82,10): warning C4018: '>=': signed/unsigned mismatch
  Skybox.cpp
C:\Users\Keiran C\Documents\Uni\CMP203\Keiran Cark Assessment\GraphicsProgramming\GraphicsProgramming\Skybox.cpp(28,27): warning C4244: 'argument': conversion from 'double' to 'float', possible loss of data
C:\Users\Keiran C\Documents\Uni\CMP203\Keiran Cark Assessment\GraphicsProgramming\GraphicsProgramming\Skybox.cpp(29,29): warning C4244: 'argument': conversion from 'double' to 'float', possible loss of data
C:\Users\Keiran C\Documents\Uni\CMP203\Keiran Cark Assessment\GraphicsProgramming\GraphicsProgramming\Skybox.cpp(30,28): warning C4244: 'argument': conversion from 'double' to 'float', possible loss of data
C:\Users\Keiran C\Documents\Uni\CMP203\Keiran Cark Assessment\GraphicsProgramming\GraphicsProgramming\Skybox.cpp(31,27): warning C4244: 'argument': conversion from 'double' to 'float', possible loss of data
C:\Users\Keiran C\Documents\Uni\CMP203\Keiran Cark Assessment\GraphicsProgramming\GraphicsProgramming\Skybox.cpp(32,29): warning C4244: 'argument': conversion from 'double' to 'float', possible loss of data
C:\Users\Keiran C\Documents\Uni\CMP203\Keiran Cark Assessment\GraphicsProgramming\GraphicsProgramming\Skybox.cpp(33,28): warning C4244: 'argument': conversion from 'double' to 'float', possible loss of data
  Vector3.cpp
SOIL.lib(SOIL.obj) : warning LNK4075: ignoring '/EDITANDCONTINUE' due to '/OPT:ICF' specification
LINK : warning LNK4098: defaultlib 'MSVCRTD' conflicts with use of other libs; use /NODEFAULTLIB:library
  Generating code
  Previous IPDB not found, fall back to full compilation.
  All 252 functions were compiled because no usable IPDB/IOBJ from previous compilation was found.
  Finished generating code
SOIL.lib(image_DXT.obj) : warning LNK4099: PDB '' was not found with 'SOIL.lib(image_DXT.obj)' or at ''; linking object as if no debug info
SOIL.lib(image_helper.obj) : warning LNK4099: PDB '' was not found with 'SOIL.lib(image_helper.obj)' or at ''; linking object as if no debug info
SOIL.lib(SOIL.obj) : warning LNK4099: PDB '' was not found with 'SOIL.lib(SOIL.obj)' or at ''; linking object as if no debug info
SOIL.lib(stb_image_aug.obj) : warning LNK4099: PDB '' was not found with 'SOIL.lib(stb_image_aug.obj)' or at ''; linking object as if no debug info
  GraphicsProgramming.vcxproj -> C:\Users\Keiran C\Documents\Uni\CMP203\Keiran Cark Assessment\GraphicsProgramming\Release\GraphicsProgramming.exe
